[2026-01-25 13:59:02] LOG FILE: CU2-002-20260125-135902-001.log
[2026-01-25 13:59:02] DB CONFIG: name=erpdb dsn=mysql://erpuser:Pepe1234++@tcp(127.0.0.1:3306)/erpdb
[2026-01-25 13:59:02] SERVER START: http://localhost:3000
[2026-01-25 13:59:08] ENDPOINT: GET /
[2026-01-25 13:59:08] ENDPOINT: GET /styles.css
[2026-01-25 13:59:08] ENDPOINT: GET /app.js
[2026-01-25 13:59:08] ENDPOINT: GET /api/next-numdocumento
[2026-01-25 13:59:08] ENDPOINT: GET /api/now
[2026-01-25 13:59:08] SQL: SELECT COALESCE(MAX(numdocumentostock), 0) + 1 AS next FROM movimiento_stock WHERE tipodocumentostock = ? | params=["TRS"]
[2026-01-25 13:59:08] ENDPOINT: GET /api/bases
[2026-01-25 13:59:08] ENDPOINT: GET /api/productos
[2026-01-25 13:59:08] SQL: CALL get_bases()
[2026-01-25 13:59:08] SQL: CALL get_productos()
[2026-01-25 13:59:08] ENDPOINT: GET /api/next-ordinal
[2026-01-25 13:59:08] SQL: SELECT COALESCE(MAX(ordinal), 0) + 1 AS next FROM detalle_movimiento_stock WHERE tipodocumentostock = ? AND numdocumentostock = ? | params=["TRS","2"]
[2026-01-25 13:59:27] ENDPOINT: POST /api/transferencia
[2026-01-25 13:59:27] SQL: BEGIN TRANSACTION
[2026-01-25 13:59:27] SQL: INSERT INTO movimiento_stock
      (tipodocumentostock, numdocumentostock, fecha, codigo_base, codigo_basedestino)
      VALUES (?, ?, ?, ?, ?) | params=["TRS","2","2026-01-25","2","1"]
[2026-01-25 13:59:27] SQL: SELECT COALESCE(MAX(ordinal), 0) + 1 AS next FROM detalle_movimiento_stock WHERE tipodocumentostock = ? AND numdocumentostock = ? | params=["TRS","2"]
[2026-01-25 13:59:27] SQL: INSERT INTO detalle_movimiento_stock
      (ordinal, tipodocumentostock, numdocumentostock, codigo_producto, cantidad)
      VALUES (?, ?, ?, ?, ?) | params=["1","TRS","2","1","600"]
[2026-01-25 13:59:27] SQL: CALL get_actualizarsaldosstocktrs(?, ?) | params=["TRS","2"]
[2026-01-25 13:59:27] SQL: COMMIT
[2026-01-25 13:59:27] ENDPOINT: GET /api/now
[2026-01-25 13:59:27] ENDPOINT: GET /api/next-numdocumento
[2026-01-25 13:59:27] SQL: SELECT COALESCE(MAX(numdocumentostock), 0) + 1 AS next FROM movimiento_stock WHERE tipodocumentostock = ? | params=["TRS"]
[2026-01-25 13:59:28] ENDPOINT: GET /api/next-ordinal
[2026-01-25 13:59:28] SQL: SELECT COALESCE(MAX(ordinal), 0) + 1 AS next FROM detalle_movimiento_stock WHERE tipodocumentostock = ? AND numdocumentostock = ? | params=["TRS","3"]
[2026-01-25 14:28:02] ENDPOINT: POST /
