[2026-01-19T17:45:05.412Z] Servidor iniciado en http://localhost:3001
[2026-01-19T17:45:08.748Z] Endpoint: GET /api/paquetes
[2026-01-19T17:45:08.749Z] SQL: CALL get_paquetes_por_estado(?) | params: ["pendiente empacar"]
[2026-01-19T17:45:11.309Z] Endpoint: GET /api/paquetes/detalle
[2026-01-19T17:45:11.310Z] SQL: SELECT p.nombre_producto, mcd.cantidad
         FROM mov_contable_detalle mcd
         JOIN productos p ON p.codigo_producto = mcd.codigo_producto
         WHERE mcd.tipo_documento = 'F'
           AND mcd.numero_documento = ?
         ORDER BY mcd.ordinal | params: ["1"]
[2026-01-19T17:45:11.313Z] ERROR: Unknown column 'p.nombre_producto' in 'field list'
[2026-01-19T17:45:11.315Z] Endpoint: GET /api/paquetes/info
[2026-01-19T17:45:11.316Z] SQL: SELECT mc.codigo_cliente,
                mc.codigo_cliente_numrecibe,
                mc.ordinal_numrecibe,
                mc.ubigeo,
                mc.codigo_puntoentrega,
                pe.region_entrega,
                pe.direccion_linea,
                pe.referencia,
                pe.destinatario_nombre,
                pe.destinatario_dni,
                pe.agencia
         FROM mov_contable mc
         LEFT JOIN puntos_entrega pe
           ON pe.codigo_puntoentrega = mc.codigo_puntoentrega
          AND pe.ubigeo = mc.ubigeo
         WHERE mc.tipo_documento = 'F'
           AND mc.numero_documento = ?
         LIMIT 1 | params: ["1"]
[2026-01-19T17:45:11.320Z] SQL: SELECT departamento, provincia, distrito
           FROM ubigeo
           WHERE cod_dep = ? AND cod_prov = ? AND cod_dist = ?
           LIMIT 1 | params: ["15","01","31"]
[2026-01-19T17:45:11.325Z] SQL: SELECT numero, nombre
           FROM numrecibe
           WHERE codigo_cliente_numrecibe = ?
             AND ordinal_numrecibe = ?
           LIMIT 1 | params: [1,1]
