[2026-01-23T18:30:43.730Z] [INFO] Iniciando servidor CU-002 usando DB: erpdb
[2026-01-23T18:30:43.737Z] [INFO] Servidor escuchando en puerto 3000
[2026-01-23T18:30:48.316Z] [INFO] ENDPOINT: GET /
[2026-01-23T18:30:48.469Z] [INFO] ENDPOINT: GET /styles.css
[2026-01-23T18:30:48.470Z] [INFO] ENDPOINT: GET /app.js
[2026-01-23T18:30:48.615Z] [INFO] ENDPOINT: GET /api/paquetes
[2026-01-23T18:30:48.616Z] [INFO] ENDPOINT: GET /api/paquetes?estado=pendiente empacar
[2026-01-23T18:30:48.616Z] [SQL] CALL get_paquetes_por_estado(?) | params: ["pendiente empacar"]
[2026-01-23T18:30:52.519Z] [INFO] ENDPOINT: GET /api/paquetes/detalle
[2026-01-23T18:30:52.520Z] [INFO] ENDPOINT: GET /api/paquetes/detalle?codigo=1&tipo=FAC
[2026-01-23T18:30:52.520Z] [SQL] CALL get_mov_contable_detalle(?, ?) | params: ["FAC","1"]
[2026-01-23T18:30:52.524Z] [SQL] SELECT COALESCE(MAX(ordinal), 0) + 1 AS next FROM paquetedetalle WHERE codigo_paquete = ? AND tipo_documento = 'FAC' | params: ["1"]
[2026-01-23T18:32:04.606Z] [INFO] ENDPOINT: GET /
[2026-01-23T18:32:04.746Z] [INFO] ENDPOINT: GET /styles.css
[2026-01-23T18:32:04.748Z] [INFO] ENDPOINT: GET /app.js
[2026-01-23T18:32:04.893Z] [INFO] ENDPOINT: GET /api/paquetes
[2026-01-23T18:32:04.893Z] [INFO] ENDPOINT: GET /api/paquetes?estado=pendiente empacar
[2026-01-23T18:32:04.894Z] [SQL] CALL get_paquetes_por_estado(?) | params: ["pendiente empacar"]
[2026-01-23T18:32:07.585Z] [INFO] ENDPOINT: GET /api/paquetes/detalle
[2026-01-23T18:32:07.585Z] [INFO] ENDPOINT: GET /api/paquetes/detalle?codigo=1&tipo=FAC
[2026-01-23T18:32:07.585Z] [SQL] CALL get_mov_contable_detalle(?, ?) | params: ["FAC","1"]
[2026-01-23T18:32:07.587Z] [SQL] SELECT COALESCE(MAX(ordinal), 0) + 1 AS next FROM paquetedetalle WHERE codigo_paquete = ? AND tipo_documento = 'FAC' | params: ["1"]
[2026-01-23T18:32:14.848Z] [INFO] ENDPOINT: POST /api/empacar
[2026-01-23T18:32:14.848Z] [INFO] ENDPOINT: POST /api/empacar
[2026-01-23T18:32:14.850Z] [SQL] SELECT COALESCE(MAX(ordinal), 0) + 1 AS next FROM paquetedetalle WHERE codigo_paquete = ? AND tipo_documento = 'FAC' | params: ["1"]
[2026-01-23T18:32:14.852Z] [SQL] INSERT INTO paquetedetalle (codigo_paquete, ordinal, estado, tipo_documento) VALUES (?, ?, 'empacado', 'FAC') | params: ["1","2"]
[2026-01-23T18:32:14.854Z] [SQL] CALL cambiar_estado_paquete(?, ?) | params: ["1","empacado"]
[2026-01-23T18:32:14.856Z] [SQL] CALL get_actualizarsaldostock(?, ?) | params: ["FAC","1"]
[2026-01-23T18:32:14.999Z] [INFO] ENDPOINT: GET /api/paquetes
[2026-01-23T18:32:14.999Z] [INFO] ENDPOINT: GET /api/paquetes?estado=pendiente empacar
[2026-01-23T18:32:15.000Z] [SQL] CALL get_paquetes_por_estado(?) | params: ["pendiente empacar"]
