[2026-01-25 13:14:55] LOG FILE: CU2-001-20260125-131455-001.log
[2026-01-25 13:14:55] DB CONFIG: name=erpdb dsn=mysql://erpuser:Pepe1234++@tcp(127.0.0.1:3306)/erpdb
[2026-01-25 13:14:55] SERVER START: http://localhost:3000
[2026-01-25 13:15:00] ENDPOINT: GET /
[2026-01-25 13:15:01] ENDPOINT: GET /styles.css
[2026-01-25 13:15:01] ENDPOINT: GET /app.js
[2026-01-25 13:15:01] ENDPOINT: GET /api/now
[2026-01-25 13:15:01] ENDPOINT: GET /api/proveedores
[2026-01-25 13:15:01] SQL: CALL get_proveedores()
[2026-01-25 13:15:01] ENDPOINT: GET /api/productos
[2026-01-25 13:15:01] ENDPOINT: GET /api/next-num-documento
[2026-01-25 13:15:01] SQL: CALL get_productos()
[2026-01-25 13:15:01] SQL: SELECT COALESCE(MAX(num_documento_compra), 0) + 1 AS next FROM mov_contable_prov WHERE tipo_documento_compra = ? | params=["FCC"]
[2026-01-25 13:15:01] ENDPOINT: GET /api/next-ordinal
[2026-01-25 13:15:01] SQL: SELECT COALESCE(MAX(ordinal), 0) + 1 AS next FROM detalle_movimiento_stock WHERE tipodocumentostock = ? AND numdocumentostock = ? | params=["FCC","1"]
[2026-01-25 13:15:34] ENDPOINT: POST /api/facturar
[2026-01-25 13:15:34] SQL: BEGIN TRANSACTION
[2026-01-25 13:15:34] SQL: INSERT INTO mov_contable_prov
      (tipo_documento_compra, num_documento_compra, codigo_provedor, fecha, monto)
      VALUES (?, ?, ?, ?, ?) | params=["FCC","1","2001","2026-01-25","17000.00"]
[2026-01-25 13:15:34] SQL: INSERT INTO detalle_mov_contable_prov
      (tipo_documento_compra, num_documento_compra, codigo_provedor, ordinal, codigo_producto, cantidad, cantidad_entregada, saldo, monto)
      VALUES (?, ?, ?, ?, ?, ?, ?, ?, ?) | params=["FCC","1","2001",1,"1","5000",0,0,"12000"]
[2026-01-25 13:15:34] SQL: INSERT INTO detalle_mov_contable_prov
      (tipo_documento_compra, num_documento_compra, codigo_provedor, ordinal, codigo_producto, cantidad, cantidad_entregada, saldo, monto)
      VALUES (?, ?, ?, ?, ?, ?, ?, ?, ?) | params=["FCC","1","2001",2,"2","3000",0,0,"5000"]
[2026-01-25 13:15:34] SQL: CALL actualizarsaldosprovedores(?, ?, ?) | params=["2001","FCC","17000.00"]
[2026-01-25 13:15:34] SQL: COMMIT
[2026-01-25 13:27:03] ENDPOINT: GET /
[2026-01-25 13:27:06] ENDPOINT: GET /
[2026-01-25 13:27:06] ENDPOINT: GET /favicon.ico
[2026-01-25 13:27:12] ENDPOINT: GET /.well-known/security.txt
