[2026-01-26 22:58:13] LOG FILE: CU2-001-20260126-225813-001.log
[2026-01-26 22:58:13] DB CONFIG: name=erpdb dsn=mysql://erpuser:Pepe1234++@tcp(127.0.0.1:3306)/erpdb
[2026-01-26 22:58:13] SERVER START: http://localhost:3008
[2026-01-26 22:58:18] ENDPOINT: GET /
[2026-01-26 22:58:18] ENDPOINT: GET /styles.css
[2026-01-26 22:58:18] ENDPOINT: GET /app.js
[2026-01-26 22:58:19] ENDPOINT: GET /api/proveedores
[2026-01-26 22:58:19] ENDPOINT: GET /api/productos
[2026-01-26 22:58:19] ENDPOINT: GET /api/next-num-documento
[2026-01-26 22:58:19] SQL: CALL get_proveedores()
[2026-01-26 22:58:19] SQL: CALL get_productos()
[2026-01-26 22:58:19] SQL: SELECT COALESCE(MAX(num_documento_compra), 0) + 1 AS next FROM mov_contable_prov WHERE tipo_documento_compra = ? | params=["FCC"]
[2026-01-26 22:58:19] ENDPOINT: GET /api/now
[2026-01-26 22:58:19] ENDPOINT: GET /api/next-ordinal
[2026-01-26 22:58:19] SQL: SELECT COALESCE(MAX(ordinal), 0) + 1 AS next FROM detalle_movimiento_stock WHERE tipodocumentostock = ? AND numdocumentostock = ? | params=["FCC","1"]
[2026-01-26 22:58:47] ENDPOINT: POST /api/facturar
[2026-01-26 22:58:47] SQL: BEGIN TRANSACTION
[2026-01-26 22:58:47] SQL: INSERT INTO mov_contable_prov
      (tipo_documento_compra, num_documento_compra, codigo_provedor, fecha, monto)
      VALUES (?, ?, ?, ?, ?) | params=["FCC","1","2001","2026-01-26","6000.00"]
[2026-01-26 22:58:47] SQL: INSERT INTO detalle_mov_contable_prov
      (tipo_documento_compra, num_documento_compra, codigo_provedor, ordinal, codigo_producto, cantidad, cantidad_entregada, saldo, monto)
      VALUES (?, ?, ?, ?, ?, ?, ?, ?, ?) | params=["FCC","1","2001",1,"1","5000",0,0,"6000"]
[2026-01-26 22:58:47] SQL: CALL actualizarsaldosprovedores(?, ?, ?) | params=["2001","FCC","6000.00"]
[2026-01-26 22:58:47] SQL: COMMIT
