[2026-01-26 23:03:19] LOG FILE: CU2-006-20260126-230319-001.log
[2026-01-26 23:03:19] DB CONFIG: name=erpdb dsn=mysql://erpuser:Pepe1234++@tcp(127.0.0.1:3306)/erpdb
[2026-01-26 23:03:19] SERVER START: http://localhost:3008
[2026-01-26 23:03:21] ENDPOINT: GET /
[2026-01-26 23:03:21] ENDPOINT: GET /styles.css
[2026-01-26 23:03:22] ENDPOINT: GET /app.js
[2026-01-26 23:03:22] ENDPOINT: GET /api/now
[2026-01-26 23:03:22] ENDPOINT: GET /api/next-numdocumento-rcp
[2026-01-26 23:03:22] SQL: SELECT COALESCE(MAX(num_documento_compra), 0) + 1 AS next FROM mov_contable_prov WHERE tipo_documento_compra = 'RCP'
[2026-01-26 23:03:23] ENDPOINT: GET /api/cuentasbancarias
[2026-01-26 23:03:23] SQL: CALL get_cuentasbancarias()
[2026-01-26 23:03:23] ENDPOINT: GET /api/proveedores-pendientes
[2026-01-26 23:03:23] SQL: CALL get_proveedores_saldos_pendientes()
[2026-01-26 23:03:43] ENDPOINT: POST /api/recibo-proveedor
[2026-01-26 23:03:43] SQL: BEGIN TRANSACTION
[2026-01-26 23:03:43] SQL: INSERT INTO mov_contable_prov (fecha, tipo_documento_compra, num_documento_compra, codigo_provedor, codigo_cuentabancaria, monto) VALUES (?, ?, ?, ?, ?, ?) | params=["2026-01-26","RCP","000000000001","2001","1001",3000]
[2026-01-26 23:03:43] SQL: CALL actualizarsaldosprovedores(?, ?, ?) | params=["2001","RCP",3000]
[2026-01-26 23:03:43] SQL: CALL aplicar_pago_proveedor(?, ?, ?) | params=["RCP","000000000001","2001"]
[2026-01-26 23:03:43] SQL: COMMIT
[2026-01-26 23:03:44] ENDPOINT: GET /api/now
[2026-01-26 23:03:44] ENDPOINT: GET /api/cuentasbancarias
[2026-01-26 23:03:44] SQL: CALL get_cuentasbancarias()
[2026-01-26 23:03:44] ENDPOINT: GET /api/proveedores-pendientes
[2026-01-26 23:03:44] SQL: CALL get_proveedores_saldos_pendientes()
[2026-01-26 23:03:44] ENDPOINT: GET /api/next-numdocumento-rcp
[2026-01-26 23:03:44] SQL: SELECT COALESCE(MAX(num_documento_compra), 0) + 1 AS next FROM mov_contable_prov WHERE tipo_documento_compra = 'RCP'
